# JRE version: OpenJDK Runtime Environment Temurin-11.0.13+8 (11.0.13+8) (build 11.0.13+8)
# Java VM: OpenJDK 64-Bit Server VM Temurin-11.0.13+8 (11.0.13+8, mixed mode, tiered, compressed oops, g1 gc, bsd-amd64)
Heap:
 garbage-first heap   total 131072K, used 26784K [0x0000000780000000, 0x0000000800000000)
  region size 1024K, 20 young (20480K), 4 survivors (4096K)
 Metaspace       used 24685K, capacity 25606K, committed 25984K, reserved 1071104K
  class space    used 3175K, capacity 3589K, committed 3712K, reserved 1048576K
GC Heap History (6 events):
Event: 2.746 GC heap before
{Heap before GC invocations=0 (full 0):
 garbage-first heap   total 131072K, used 13312K [0x0000000780000000, 0x0000000800000000)
  region size 1024K, 14 young (14336K), 0 survivors (0K)
 Metaspace       used 9564K, capacity 9850K, committed 10112K, reserved 1058816K
  class space    used 914K, capacity 1034K, committed 1152K, reserved 1048576K
}
Event: 2.777 GC heap after
{Heap after GC invocations=1 (full 0):
 garbage-first heap   total 131072K, used 3904K [0x0000000780000000, 0x0000000800000000)
  region size 1024K, 2 young (2048K), 2 survivors (2048K)
 Metaspace       used 9564K, capacity 9850K, committed 10112K, reserved 1058816K
  class space    used 914K, capacity 1034K, committed 1152K, reserved 1048576K
}
Event: 3.346 GC heap before
{Heap before GC invocations=1 (full 0):
 garbage-first heap   total 131072K, used 16192K [0x0000000780000000, 0x0000000800000000)
  region size 1024K, 13 young (13312K), 2 survivors (2048K)
 Metaspace       used 14625K, capacity 14976K, committed 15360K, reserved 1062912K
  class space    used 1532K, capacity 1701K, committed 1792K, reserved 1048576K
}
Event: 3.362 GC heap after
{Heap after GC invocations=2 (full 0):
 garbage-first heap   total 131072K, used 6806K [0x0000000780000000, 0x0000000800000000)
  region size 1024K, 2 young (2048K), 2 survivors (2048K)
 Metaspace       used 14625K, capacity 14976K, committed 15360K, reserved 1062912K
  class space    used 1532K, capacity 1701K, committed 1792K, reserved 1048576K
}
Event: 4.444 GC heap before
{Heap before GC invocations=2 (full 0):
 garbage-first heap   total 131072K, used 26262K [0x0000000780000000, 0x0000000800000000)
  region size 1024K, 22 young (22528K), 2 survivors (2048K)
 Metaspace       used 20531K, capacity 21099K, committed 21248K, reserved 1067008K
  class space    used 2454K, capacity 2719K, committed 2816K, reserved 1048576K
}
Event: 4.466 GC heap after
{Heap after GC invocations=3 (full 0):
 garbage-first heap   total 131072K, used 9376K [0x0000000780000000, 0x0000000800000000)
  region size 1024K, 4 young (4096K), 4 survivors (4096K)
 Metaspace       used 20531K, capacity 21099K, committed 21248K, reserved 1067008K
  class space    used 2454K, capacity 2719K, committed 2816K, reserved 1048576K
}

