# JRE version: OpenJDK Runtime Environment Temurin-11.0.13+8 (11.0.13+8) (build 11.0.13+8)
# Java VM: OpenJDK 64-Bit Server VM Temurin-11.0.13+8 (11.0.13+8, mixed mode, tiered, compressed oops, g1 gc, bsd-amd64)
Heap:
 garbage-first heap   total 131072K, used 20637K [0x0000000780000000, 0x0000000800000000)
  region size 1024K, 10 young (10240K), 2 survivors (2048K)
 Metaspace       used 26255K, capacity 27271K, committed 27520K, reserved 1073152K
  class space    used 3252K, capacity 3648K, committed 3712K, reserved 1048576K
GC Heap History (6 events):
Event: 2.993 GC heap before
{Heap before GC invocations=0 (full 0):
 garbage-first heap   total 131072K, used 13312K [0x0000000780000000, 0x0000000800000000)
  region size 1024K, 14 young (14336K), 0 survivors (0K)
 Metaspace       used 9494K, capacity 9753K, committed 9984K, reserved 1058816K
  class space    used 906K, capacity 1002K, committed 1024K, reserved 1048576K
}
Event: 3.024 GC heap after
{Heap after GC invocations=1 (full 0):
 garbage-first heap   total 131072K, used 3856K [0x0000000780000000, 0x0000000800000000)
  region size 1024K, 2 young (2048K), 2 survivors (2048K)
 Metaspace       used 9494K, capacity 9753K, committed 9984K, reserved 1058816K
  class space    used 906K, capacity 1002K, committed 1024K, reserved 1048576K
}
Event: 6.888 GC heap before
{Heap before GC invocations=1 (full 0):
 garbage-first heap   total 131072K, used 35600K [0x0000000780000000, 0x0000000800000000)
  region size 1024K, 33 young (33792K), 2 survivors (2048K)
 Metaspace       used 20546K, capacity 21143K, committed 21248K, reserved 1067008K
  class space    used 2462K, capacity 2734K, committed 2816K, reserved 1048576K
}
Event: 6.914 GC heap after
{Heap after GC invocations=2 (full 0):
 garbage-first heap   total 131072K, used 9424K [0x0000000780000000, 0x0000000800000000)
  region size 1024K, 7 young (7168K), 7 survivors (7168K)
 Metaspace       used 20546K, capacity 21143K, committed 21248K, reserved 1067008K
  class space    used 2462K, capacity 2734K, committed 2816K, reserved 1048576K
}
Event: 33.792 GC heap before
{Heap before GC invocations=3 (full 0):
 garbage-first heap   total 131072K, used 30928K [0x0000000780000000, 0x0000000800000000)
  region size 1024K, 26 young (26624K), 7 survivors (7168K)
 Metaspace       used 25494K, capacity 26410K, committed 26752K, reserved 1073152K
  class space    used 3227K, capacity 3621K, committed 3712K, reserved 1048576K
}
Event: 33.813 GC heap after
{Heap after GC invocations=4 (full 0):
 garbage-first heap   total 131072K, used 13469K [0x0000000780000000, 0x0000000800000000)
  region size 1024K, 2 young (2048K), 2 survivors (2048K)
 Metaspace       used 25494K, capacity 26410K, committed 26752K, reserved 1073152K
  class space    used 3227K, capacity 3621K, committed 3712K, reserved 1048576K
}

