# JRE version: OpenJDK Runtime Environment Temurin-11.0.13+8 (11.0.13+8) (build 11.0.13+8)
# Java VM: OpenJDK 64-Bit Server VM Temurin-11.0.13+8 (11.0.13+8, mixed mode, tiered, compressed oops, g1 gc, bsd-amd64)
Heap:
 garbage-first heap   total 131072K, used 26035K [0x0000000780000000, 0x0000000800000000)
  region size 1024K, 21 young (21504K), 5 survivors (5120K)
 Metaspace       used 24522K, capacity 25435K, committed 25600K, reserved 1071104K
  class space    used 3124K, capacity 3537K, committed 3584K, reserved 1048576K
GC Heap History (6 events):
Event: 1.284 GC heap before
{Heap before GC invocations=0 (full 0):
 garbage-first heap   total 131072K, used 13312K [0x0000000780000000, 0x0000000800000000)
  region size 1024K, 14 young (14336K), 0 survivors (0K)
 Metaspace       used 9481K, capacity 9753K, committed 9984K, reserved 1058816K
  class space    used 906K, capacity 1002K, committed 1024K, reserved 1048576K
}
Event: 1.302 GC heap after
{Heap after GC invocations=1 (full 0):
 garbage-first heap   total 131072K, used 3908K [0x0000000780000000, 0x0000000800000000)
  region size 1024K, 2 young (2048K), 2 survivors (2048K)
 Metaspace       used 9481K, capacity 9753K, committed 9984K, reserved 1058816K
  class space    used 906K, capacity 1002K, committed 1024K, reserved 1048576K
}
Event: 2.351 GC heap before
{Heap before GC invocations=1 (full 0):
 garbage-first heap   total 131072K, used 15172K [0x0000000780000000, 0x0000000800000000)
  region size 1024K, 12 young (12288K), 2 survivors (2048K)
 Metaspace       used 14633K, capacity 15039K, committed 15360K, reserved 1062912K
  class space    used 1536K, capacity 1701K, committed 1792K, reserved 1048576K
}
Event: 2.357 GC heap after
{Heap after GC invocations=2 (full 0):
 garbage-first heap   total 131072K, used 6640K [0x0000000780000000, 0x0000000800000000)
  region size 1024K, 2 young (2048K), 2 survivors (2048K)
 Metaspace       used 14633K, capacity 15039K, committed 15360K, reserved 1062912K
  class space    used 1536K, capacity 1701K, committed 1792K, reserved 1048576K
}
Event: 4.009 GC heap before
{Heap before GC invocations=2 (full 0):
 garbage-first heap   total 131072K, used 29168K [0x0000000780000000, 0x0000000800000000)
  region size 1024K, 25 young (25600K), 2 survivors (2048K)
 Metaspace       used 20477K, capacity 21076K, committed 21248K, reserved 1067008K
  class space    used 2574K, capacity 2806K, committed 2816K, reserved 1048576K
}
Event: 4.020 GC heap after
{Heap after GC invocations=3 (full 0):
 garbage-first heap   total 131072K, used 9651K [0x0000000780000000, 0x0000000800000000)
  region size 1024K, 5 young (5120K), 5 survivors (5120K)
 Metaspace       used 20477K, capacity 21076K, committed 21248K, reserved 1067008K
  class space    used 2574K, capacity 2806K, committed 2816K, reserved 1048576K
}

