# JRE version: OpenJDK Runtime Environment Temurin-11.0.13+8 (11.0.13+8) (build 11.0.13+8)
# Java VM: OpenJDK 64-Bit Server VM Temurin-11.0.13+8 (11.0.13+8, mixed mode, tiered, compressed oops, g1 gc, bsd-amd64)
Heap:
 garbage-first heap   total 131072K, used 30167K [0x0000000780000000, 0x0000000800000000)
  region size 1024K, 23 young (23552K), 4 survivors (4096K)
 Metaspace       used 25543K, capacity 26492K, committed 26752K, reserved 1073152K
  class space    used 3201K, capacity 3587K, committed 3712K, reserved 1048576K
GC Heap History (6 events):
Event: 2.103 GC heap before
{Heap before GC invocations=0 (full 0):
 garbage-first heap   total 131072K, used 13312K [0x0000000780000000, 0x0000000800000000)
  region size 1024K, 14 young (14336K), 0 survivors (0K)
 Metaspace       used 9482K, capacity 9753K, committed 9984K, reserved 1058816K
  class space    used 906K, capacity 1002K, committed 1024K, reserved 1048576K
}
Event: 2.116 GC heap after
{Heap after GC invocations=1 (full 0):
 garbage-first heap   total 131072K, used 3982K [0x0000000780000000, 0x0000000800000000)
  region size 1024K, 2 young (2048K), 2 survivors (2048K)
 Metaspace       used 9482K, capacity 9753K, committed 9984K, reserved 1058816K
  class space    used 906K, capacity 1002K, committed 1024K, reserved 1048576K
}
Event: 3.881 GC heap before
{Heap before GC invocations=1 (full 0):
 garbage-first heap   total 131072K, used 17294K [0x0000000780000000, 0x0000000800000000)
  region size 1024K, 14 young (14336K), 2 survivors (2048K)
 Metaspace       used 14873K, capacity 15283K, committed 15360K, reserved 1062912K
  class space    used 1591K, capacity 1762K, committed 1792K, reserved 1048576K
}
Event: 3.915 GC heap after
{Heap after GC invocations=2 (full 0):
 garbage-first heap   total 131072K, used 7130K [0x0000000780000000, 0x0000000800000000)
  region size 1024K, 2 young (2048K), 2 survivors (2048K)
 Metaspace       used 14873K, capacity 15283K, committed 15360K, reserved 1062912K
  class space    used 1591K, capacity 1762K, committed 1792K, reserved 1048576K
}
Event: 6.549 GC heap before
{Heap before GC invocations=2 (full 0):
 garbage-first heap   total 131072K, used 25562K [0x0000000780000000, 0x0000000800000000)
  region size 1024K, 21 young (21504K), 2 survivors (2048K)
 Metaspace       used 20620K, capacity 21189K, committed 21248K, reserved 1067008K
  class space    used 2505K, capacity 2781K, committed 2816K, reserved 1048576K
}
Event: 6.565 GC heap after
{Heap after GC invocations=3 (full 0):
 garbage-first heap   total 131072K, used 9687K [0x0000000780000000, 0x0000000800000000)
  region size 1024K, 4 young (4096K), 4 survivors (4096K)
 Metaspace       used 20620K, capacity 21189K, committed 21248K, reserved 1067008K
  class space    used 2505K, capacity 2781K, committed 2816K, reserved 1048576K
}

